        -:    0:Source:modules/planning/planning_component.cc
        -:    0:Graph:planning_component.gcno
        -:    0:Data:planning_component.gcda
        -:    0:Runs:3153
        -:    0:Programs:1
        -:    1:/*EOF*/
        -:    2:/*EOF*/
        -:    3:/*EOF*/
        -:    4:/*EOF*/
        -:    5:/*EOF*/
        -:    6:/*EOF*/
        -:    7:/*EOF*/
        -:    8:/*EOF*/
        -:    9:/*EOF*/
        -:   10:/*EOF*/
        -:   11:/*EOF*/
        -:   12:/*EOF*/
        -:   13:/*EOF*/
        -:   14:/*EOF*/
        -:   15:/*EOF*/
        -:   16:/*EOF*/
        -:   17:/*EOF*/
        -:   18:/*EOF*/
        -:   19:/*EOF*/
        -:   20:/*EOF*/
        -:   21:/*EOF*/
        -:   22:/*EOF*/
        -:   23:/*EOF*/
        -:   24:/*EOF*/
        -:   25:/*EOF*/
        -:   26:/*EOF*/
        -:   27:/*EOF*/
        -:   28:/*EOF*/
        -:   29:/*EOF*/
        -:   30:/*EOF*/
        -:   31:/*EOF*/
        -:   32:/*EOF*/
        -:   33:/*EOF*/
        -:   34:/*EOF*/
        -:   35:/*EOF*/
        -:   36:/*EOF*/
        -:   37:/*EOF*/
        -:   38:/*EOF*/
        -:   39:/*EOF*/
        -:   40:/*EOF*/
     3153:   41:/*EOF*/
     3153:   42:/*EOF*/
        -:   43:/*EOF*/
     3153:   44:/*EOF*/
    #####:   45:/*EOF*/
        -:   46:/*EOF*/
     3153:   47:/*EOF*/
        -:   48:/*EOF*/
        -:   49:/*EOF*/
     3153:   50:/*EOF*/
        -:   51:/*EOF*/
    #####:   52:/*EOF*/
        -:   53:/*EOF*/
     6306:   54:/*EOF*/
     3153:   55:/*EOF*/
    #####:   56:/*EOF*/
    #####:   57:/*EOF*/
    #####:   58:/*EOF*/
        -:   59:/*EOF*/
        -:   60:/*EOF*/
        -:   61:/*EOF*/
     3153:   62:/*EOF*/
        -:   63:/*EOF*/
     9459:   64:/*EOF*/
     3153:   65:/*EOF*/
      336:   66:/*EOF*/
      224:   67:/*EOF*/
      112:   68:/*EOF*/
      224:   69:/*EOF*/
      112:   70:/*EOF*/
     3265:   71:/*EOF*/
        -:   72:/*EOF*/
     9459:   73:/*EOF*/
     3153:   74:/*EOF*/
      942:   75:/*EOF*/
      314:   76:/*EOF*/
      628:   77:/*EOF*/
      314:   78:/*EOF*/
     3467:   79:/*EOF*/
        -:   80:/*EOF*/
     9459:   81:/*EOF*/
     3153:   82:/*EOF*/
    #####:   83:/*EOF*/
    #####:   84:/*EOF*/
    #####:   85:/*EOF*/
    #####:   86:/*EOF*/
     3153:   87:/*EOF*/
        -:   88:/*EOF*/
     9459:   89:/*EOF*/
     3153:   90:/*EOF*/
    #####:   91:/*EOF*/
    #####:   92:/*EOF*/
    #####:   93:/*EOF*/
    #####:   94:/*EOF*/
     3153:   95:/*EOF*/
        -:   96:/*EOF*/
     3153:   97:/*EOF*/
    #####:   98:/*EOF*/
    #####:   99:/*EOF*/
    #####:  100:/*EOF*/
    #####:  101:/*EOF*/
    #####:  102:/*EOF*/
    #####:  103:/*EOF*/
    #####:  104:/*EOF*/
        -:  105:/*EOF*/
     9459:  106:/*EOF*/
     6306:  107:/*EOF*/
        -:  108:/*EOF*/
     9459:  109:/*EOF*/
     6306:  110:/*EOF*/
        -:  111:/*EOF*/
     9459:  112:/*EOF*/
     6306:  113:/*EOF*/
        -:  114:/*EOF*/
     3153:  115:/*EOF*/
        -:  116:/*EOF*/
        -:  117:/*EOF*/
    #####:  118:/*EOF*/
        -:  119:/*EOF*/
        -:  120:/*EOF*/
        -:  121:/*EOF*/
        -:  122:/*EOF*/
        -:  123:/*EOF*/
    #####:  124:/*EOF*/
        -:  125:/*EOF*/
        -:  126:/*EOF*/
    #####:  127:/*EOF*/
        -:  128:/*EOF*/
        -:  129:/*EOF*/
    #####:  130:/*EOF*/
    #####:  131:/*EOF*/
    #####:  132:/*EOF*/
        -:  133:/*EOF*/
    #####:  134:/*EOF*/
    #####:  135:/*EOF*/
    #####:  136:/*EOF*/
    #####:  137:/*EOF*/
    #####:  138:/*EOF*/
        -:  139:/*EOF*/
        -:  140:/*EOF*/
        -:  141:/*EOF*/
    #####:  142:/*EOF*/
    #####:  143:/*EOF*/
    #####:  144:/*EOF*/
    #####:  145:/*EOF*/
        -:  146:/*EOF*/
        -:  147:/*EOF*/
    #####:  148:/*EOF*/
    #####:  149:/*EOF*/
        -:  150:/*EOF*/
        -:  151:/*EOF*/
    #####:  152:/*EOF*/
    #####:  153:/*EOF*/
        -:  154:/*EOF*/
        -:  155:/*EOF*/
    #####:  156:/*EOF*/
    #####:  157:/*EOF*/
    #####:  158:/*EOF*/
        -:  159:/*EOF*/
        -:  160:/*EOF*/
    #####:  161:/*EOF*/
        -:  162:/*EOF*/
    #####:  163:/*EOF*/
    #####:  164:/*EOF*/
    #####:  165:/*EOF*/
    #####:  166:/*EOF*/
    #####:  167:/*EOF*/
    #####:  168:/*EOF*/
        -:  169:/*EOF*/
        -:  170:/*EOF*/
        -:  171:/*EOF*/
    #####:  172:/*EOF*/
    #####:  173:/*EOF*/
        -:  174:/*EOF*/
    #####:  175:/*EOF*/
    #####:  176:/*EOF*/
        -:  177:/*EOF*/
    #####:  178:/*EOF*/
    #####:  179:/*EOF*/
    #####:  180:/*EOF*/
        -:  181:/*EOF*/
    #####:  182:/*EOF*/
    #####:  183:/*EOF*/
        -:  184:/*EOF*/
    #####:  185:/*EOF*/
        -:  186:/*EOF*/
        -:  187:/*EOF*/
    #####:  188:/*EOF*/
    #####:  189:/*EOF*/
    #####:  190:/*EOF*/
        -:  191:/*EOF*/
        -:  192:/*EOF*/
    #####:  193:/*EOF*/
    #####:  194:/*EOF*/
    #####:  195:/*EOF*/
    #####:  196:/*EOF*/
        -:  197:/*EOF*/
    #####:  198:/*EOF*/
        -:  199:/*EOF*/
        -:  200:/*EOF*/
    #####:  201:/*EOF*/
    #####:  202:/*EOF*/
        -:  203:/*EOF*/
    #####:  204:/*EOF*/
        -:  205:/*EOF*/
        -:  206:/*EOF*/
    #####:  207:/*EOF*/
        -:  208:/*EOF*/
        -:  209:/*EOF*/
    #####:  210:/*EOF*/
    #####:  211:/*EOF*/
    #####:  212:/*EOF*/
        -:  213:/*EOF*/
    #####:  214:/*EOF*/
    #####:  215:/*EOF*/
    #####:  216:/*EOF*/
        -:  217:/*EOF*/
        -:  218:/*EOF*/
    #####:  219:/*EOF*/
    #####:  220:/*EOF*/
        -:  221:/*EOF*/
        -:  222:/*EOF*/
    #####:  223:/*EOF*/
        -:  224:/*EOF*/
    #####:  225:/*EOF*/
    #####:  226:/*EOF*/
    #####:  227:/*EOF*/
    #####:  228:/*EOF*/
    #####:  229:/*EOF*/
    #####:  230:/*EOF*/
        -:  231:/*EOF*/
        -:  232:/*EOF*/
        -:  233:/*EOF*/
        -:  234:/*EOF*/
    #####:  235:/*EOF*/
    #####:  236:/*EOF*/
    #####:  237:/*EOF*/
        -:  238:/*EOF*/
        -:  239:/*EOF*/
    #####:  240:/*EOF*/
    #####:  241:/*EOF*/
        -:  242:/*EOF*/
        -:  243:/*EOF*/
        -:  244:/*EOF*/
    #####:  245:/*EOF*/
    #####:  246:/*EOF*/
    #####:  247:/*EOF*/
    #####:  248:/*EOF*/
    #####:  249:/*EOF*/
        -:  250:/*EOF*/
    #####:  251:/*EOF*/
        -:  252:/*EOF*/
        -:  253:/*EOF*/
        -:  254:/*EOF*/
     9459:  255:/*EOF*/
